<?xml version="1.0" encoding="UTF-8"?>
<!-- Generated by org.testng.reporters.JUnitXMLReporter -->
<testsuite ignored="0" hostname="CPC-22001-1FDWB" failures="0" tests="2" name="Default test" time="63.025" errors="0" timestamp="2024-01-09T16:39:22 IST">
  <testcase classname="com.test.user.Career_Opportunities_GFAH_ESP_scenarios" name="RUNALL" time="29.199"/>
  <testcase classname="com.test.user.Career_Opportunities_GFAH_ESP_scenarios" name="RUNALL" time="30.9"/>
</testsuite> <!-- Default test -->
