<?xml version="1.0" encoding="UTF-8"?>
<!-- Generated by org.testng.reporters.JUnitXMLReporter -->
<testsuite ignored="0" hostname="CPC-22001-1FDWB" failures="0" tests="3" name="All_scenarios" time="12.019" errors="0" timestamp="2024-01-24T22:43:55 IST">
  <testcase classname="com.test.user.All_scenarios" name="RUNALL" time="3.952"/>
  <testcase classname="com.test.user.All_scenarios" name="RUNALL" time="2.421"/>
  <testcase classname="com.test.user.All_scenarios" name="RUNALL" time="4.866"/>
</testsuite> <!-- All_scenarios -->
