<?xml version="1.0" encoding="UTF-8"?>
<!-- Generated by org.testng.reporters.JUnitXMLReporter -->
<testsuite ignored="0" hostname="CPC-22001-1FDWB" failures="0" tests="3" name="All_scenarios" time="19.451" errors="0" timestamp="2024-01-25T12:18:47 IST">
  <testcase classname="com.test.user.All_scenarios" name="RUNALL" time="3.927"/>
  <testcase classname="com.test.user.All_scenarios" name="RUNALL" time="4.899"/>
  <testcase classname="com.test.user.All_scenarios" name="RUNALL" time="9.897"/>
</testsuite> <!-- All_scenarios -->
