<?xml version="1.0" encoding="UTF-8"?>
<!-- Generated by org.testng.reporters.JUnitXMLReporter -->
<testsuite ignored="0" hostname="CPC-22001-1FDWB" failures="0" tests="10" name="ClubStudio_scenarios_1" time="191.933" errors="0" timestamp="2024-01-24T13:30:31 IST">
  <testcase classname="com.test.user.ClubStudio_scenarios_1" name="RUNALL" time="20.64"/>
  <testcase classname="com.test.user.ClubStudio_scenarios_1" name="RUNALL" time="19.327"/>
  <testcase classname="com.test.user.ClubStudio_scenarios_1" name="RUNALL" time="19.093"/>
  <testcase classname="com.test.user.ClubStudio_scenarios_1" name="RUNALL" time="19.054"/>
  <testcase classname="com.test.user.ClubStudio_scenarios_1" name="RUNALL" time="18.955"/>
  <testcase classname="com.test.user.ClubStudio_scenarios_1" name="RUNALL" time="19.052"/>
  <testcase classname="com.test.user.ClubStudio_scenarios_1" name="RUNALL" time="18.977"/>
  <testcase classname="com.test.user.ClubStudio_scenarios_1" name="RUNALL" time="18.978"/>
  <testcase classname="com.test.user.ClubStudio_scenarios_1" name="RUNALL" time="14.714"/>
  <testcase classname="com.test.user.ClubStudio_scenarios_1" name="RUNALL" time="22.304"/>
</testsuite> <!-- ClubStudio_scenarios_1 -->
