<?xml version="1.0" encoding="UTF-8"?>
<!-- Generated by org.testng.reporters.JUnitXMLReporter -->
<testsuite ignored="0" hostname="CPC-ShaikIrF-B1" failures="0" tests="4" name="Test" time="20.79" errors="0" timestamp="2022-06-28T12:35:14 IST">
  <testcase classname="com.test.user.AllScenarios" name="RUNALL" time="4.86"/>
  <testcase classname="com.test.user.AllScenarios" name="RUNALL" time="4.065"/>
  <testcase classname="com.test.user.AllScenarios" name="RUNALL" time="4.777"/>
  <testcase classname="com.test.user.AllScenarios" name="RUNALL" time="5.978"/>
</testsuite> <!-- Test -->
