<?xml version="1.0" encoding="UTF-8"?>
<!-- Generated by org.testng.reporters.JUnitXMLReporter -->
<testsuite ignored="0" hostname="CPC-22001-1FDWB" failures="0" tests="6" name="All_scenarios" time="18.871" errors="0" timestamp="2024-01-31T11:21:49 IST">
  <testcase classname="com.test.user.All_scenarios" name="CheckGoogleSearchBox" time="0.001"/>
  <testcase classname="com.test.user.All_scenarios" name="CheckGoogleSearchButton" time="0.0"/>
  <testcase classname="com.test.user.All_scenarios" name="CheckGoogleURL" time="0.001"/>
  <testcase classname="com.test.user.All_scenarios" name="RUNALL" time="4.495"/>
  <testcase classname="com.test.user.All_scenarios" name="RUNALL" time="4.694"/>
  <testcase classname="com.test.user.All_scenarios" name="RUNALL" time="8.865"/>
</testsuite> <!-- All_scenarios -->
