<?xml version="1.0" encoding="UTF-8"?>
<!-- Generated by org.testng.reporters.JUnitXMLReporter -->
<testsuite ignored="0" hostname="CPC-ShaikIrF-B1" failures="0" tests="15" name="Joinnow_Test" time="67.689" errors="0" timestamp="2022-07-07T18:44:58 IST">
  <testcase classname="com.test.user.Join_now_scenarios" name="RUNALL" time="0.002"/>
  <testcase classname="com.test.user.Join_now_scenarios" name="RUNALL" time="0.001"/>
  <testcase classname="com.test.user.Join_now_scenarios" name="RUNALL" time="0.0"/>
  <testcase classname="com.test.user.Join_now_scenarios" name="RUNALL" time="0.0"/>
  <testcase classname="com.test.user.Join_now_scenarios" name="RUNALL" time="0.001"/>
  <testcase classname="com.test.user.Join_now_scenarios" name="RUNALL" time="0.001"/>
  <testcase classname="com.test.user.Join_now_scenarios" name="RUNALL" time="0.0"/>
  <testcase classname="com.test.user.Join_now_scenarios" name="RUNALL" time="0.001"/>
  <testcase classname="com.test.user.Join_now_scenarios" name="RUNALL" time="0.0"/>
  <testcase classname="com.test.user.Join_now_scenarios" name="RUNALL" time="0.0"/>
  <testcase classname="com.test.user.Join_now_scenarios" name="RUNALL" time="0.0"/>
  <testcase classname="com.test.user.Join_now_scenarios" name="RUNALL" time="0.001"/>
  <testcase classname="com.test.user.Join_now_scenarios" name="RUNALL" time="0.0"/>
  <testcase classname="com.test.user.Join_now_scenarios" name="RUNALL" time="50.1"/>
  <testcase classname="com.test.user.Join_now_scenarios" name="RUNALL" time="16.947"/>
</testsuite> <!-- Joinnow_Test -->
