<?xml version="1.0" encoding="UTF-8"?>
<testng-results ignored="0" total="1" passed="1" failed="0" skipped="0">
  <reporter-output>
  </reporter-output>
  <suite started-at="2024-01-16T18:18:07 IST" name="Suite" finished-at="2024-01-16T18:19:15 IST" duration-ms="67953">
    <groups>
    </groups>
    <test started-at="2024-01-16T18:18:07 IST" name="All_scenarios" finished-at="2024-01-16T18:18:10 IST" duration-ms="2922">
    </test> <!-- All_scenarios -->
    <test started-at="2024-01-16T18:18:10 IST" name="Responsive_tests" finished-at="2024-01-16T18:18:11 IST" duration-ms="1166">
    </test> <!-- Responsive_tests -->
    <test started-at="2024-01-16T18:18:11 IST" name="Employment_scenarios" finished-at="2024-01-16T18:18:12 IST" duration-ms="1114">
    </test> <!-- Employment_scenarios -->
    <test started-at="2024-01-16T18:18:12 IST" name="CareerOpportunities_scenarios" finished-at="2024-01-16T18:18:13 IST" duration-ms="800">
    </test> <!-- CareerOpportunities_scenarios -->
    <test started-at="2024-01-16T18:18:13 IST" name="Locations_scenarios" finished-at="2024-01-16T18:18:14 IST" duration-ms="787">
    </test> <!-- Locations_scenarios -->
    <test started-at="2024-01-16T18:18:14 IST" name="ClubStudio_scenarios" finished-at="2024-01-16T18:18:15 IST" duration-ms="851">
    </test> <!-- ClubStudio_scenarios -->
    <test started-at="2024-01-16T18:18:15 IST" name="Joinnow_CST_Scenarios" finished-at="2024-01-16T18:18:15 IST" duration-ms="504">
    </test> <!-- Joinnow_CST_Scenarios -->
    <test started-at="2024-01-16T18:18:15 IST" name="Career_Opportunities_CSC_scenarios" finished-at="2024-01-16T18:18:16 IST" duration-ms="689">
    </test> <!-- Career_Opportunities_CSC_scenarios -->
    <test started-at="2024-01-16T18:18:16 IST" name="ClubStudio_scenarios_1" finished-at="2024-01-16T18:18:17 IST" duration-ms="665">
    </test> <!-- ClubStudio_scenarios_1 -->
    <test started-at="2024-01-16T18:18:17 IST" name="ClubStudio_scenarios_2" finished-at="2024-01-16T18:18:17 IST" duration-ms="594">
    </test> <!-- ClubStudio_scenarios_2 -->
    <test started-at="2024-01-16T18:18:17 IST" name="ClubStudio_scenarios_3" finished-at="2024-01-16T18:18:18 IST" duration-ms="370">
    </test> <!-- ClubStudio_scenarios_3 -->
    <test started-at="2024-01-16T18:18:18 IST" name="Career_Opportunities_ESP_scenarios" finished-at="2024-01-16T18:19:14 IST" duration-ms="56257">
      <class name="com.test.user.Career_Opportunities_ESP_scenarios">
        <test-method signature="RUNALL(java.util.Map,org.testng.ITestContext)[pri:0, instance:com.test.user.Career_Opportunities_ESP_scenarios@221a3fa4]" started-at="2024-01-16T18:18:18 IST" name="RUNALL" data-provider="TestData" finished-at="2024-01-16T18:19:14 IST" duration-ms="55774" status="PASS">
          <params>
            <param index="0">
              <value>
                <![CDATA[{Account_number=, Add_amenities=, additional_input=Club Positions, Aerobics_Instructor_Exp_DD=, Amount_details=, Annual_Fee_Per_Person=, Billing_Frequency=, Brand=Esporta, Can_contact_radio_button=Yes, Card_name=, Card_number=, Certificate_No=, Certification_IssuedByDPValues=, Certified_In_DD=, Change_brand_name=, Checkbox_class_formats=, Class_per_week=, Club_Address=, Club_city=, Club_Employer_DD=, Club_name=, Club_phone=, Club_zip=, Considered_for_chkbx=, Country=, Date_to_begin=, Dropdown_values=less than 1 year, 1-2 years, 2+ years, 1-2 years, 2+ years, E_EducationLeve_Dropdown=2 Year College Degree, Email=testuser12@yopmail.com, Emp_details=Trainer, La Fitness club, Emp_gap=Due to some family issues, Employer_name=LA Fitness, EmploymentHowResigned_dd=, EmploymentSuccess_ip=, EmploymentWhatDislike_ip=, EmploymentWhatLike_ip=, EmploymentWhyLeaveCurrent_ip=, EmploymentWhyReapply_ip=, EmploymentWhyResignInFuture_ip=, Everemployed_rdobtn=, Ex_month=, Ex_year=, F_Name=James, File_name=Sample resume doc.pdf, First_Month_Dues=, From_date=10122020, Full_name=, Gender_dd=, Hold_cert_GT_AC_ratio_button=, How_hear_abt_us=Instagram, Included_amenities=, Initial_Term=, Initiation_Fee=, input_data=For the Following Positions, input_data1=CPO, Electrical, HVAC, Painter, Plumbing, Tiles, Wood Floors, input_data2=Fitness Equipment, Spin Bike, Upholstery, input_data3=, input_data4=, input_data5=, input_data6=, IP_Address=, Job_long_des=, Job_short_des=, Job_title=Trainer, L_Name=K, Languages=English, Spanish, Last_Month_Dues=, Leaving_Reason=some emergency, Member_address=New York, Member_City=, Member_Phone=6312014391, Member_Zipcode=92614, Mobile_Device=, Module=Career Opportunities, No_Prev_emp_chk_box=No, Number_of_Persons1=, Payment_type=, Personal_Training_ExperienceDPValues=, Plan_rates=, Prepayment=, PriorEmploymentWhyResigned_ip=, RaceEthnicity_dd=, Radiobtn18YearsOld=Yes, Radius_travel_to_work=, Rates/amenities=, Rates_details=, Res_Run=, Routing_number=, Run=Yes, State=, Supervisor_name=Karan, TestScenario=TC_101_Validate_defaultvalueofCO_l6_AH, Text_input=Education Information, TextMessage=Validate_defaultvalueofCO_l6_AH, Time_period_DD=, To_date=10122021, Total_initial_Payment=, Url=, Work_time=}]]>
              </value>
            </param>
            <param index="1">
              <value>
                <![CDATA[org.testng.TestRunner@50f3ba6a]]>
              </value>
            </param>
          </params>
          <reporter-output>
          </reporter-output>
        </test-method> <!-- RUNALL -->
      </class> <!-- com.test.user.Career_Opportunities_ESP_scenarios -->
    </test> <!-- Career_Opportunities_ESP_scenarios -->
    <test started-at="2024-01-16T18:19:14 IST" name="Career_Opportunities_ESP_scenarios2" finished-at="2024-01-16T18:19:14 IST" duration-ms="631">
    </test> <!-- Career_Opportunities_ESP_scenarios2 -->
    <test started-at="2024-01-16T18:19:14 IST" name="Career_Opportunities_GFAH_ESP_scenarios" finished-at="2024-01-16T18:19:15 IST" duration-ms="405">
      <class name="com.test.user.Career_Opportunities_ESP_scenarios2">
        <test-method is-config="true" signature="reference()[pri:0, instance:com.test.user.Career_Opportunities_ESP_scenarios2@4d1c005e]" started-at="2024-01-16T18:18:07 IST" name="reference" finished-at="2024-01-16T18:18:07 IST" duration-ms="75" status="PASS">
          <reporter-output>
          </reporter-output>
        </test-method> <!-- reference -->
      </class> <!-- com.test.user.Career_Opportunities_ESP_scenarios2 -->
      <class name="com.test.user.Employment_scenarios">
        <test-method is-config="true" signature="reference()[pri:0, instance:com.test.user.Employment_scenarios@4b29d1d2]" started-at="2024-01-16T18:18:05 IST" name="reference" finished-at="2024-01-16T18:18:05 IST" duration-ms="0" status="PASS">
          <reporter-output>
          </reporter-output>
        </test-method> <!-- reference -->
      </class> <!-- com.test.user.Employment_scenarios -->
      <class name="com.test.user.Locations_scenarios">
        <test-method is-config="true" signature="reference()[pri:0, instance:com.test.user.Locations_scenarios@3f191845]" started-at="2024-01-16T18:18:05 IST" name="reference" finished-at="2024-01-16T18:18:05 IST" duration-ms="37" status="PASS">
          <reporter-output>
          </reporter-output>
        </test-method> <!-- reference -->
      </class> <!-- com.test.user.Locations_scenarios -->
      <class name="com.test.user.CareerOpportunities_scenarios">
        <test-method is-config="true" signature="reference()[pri:0, instance:com.test.user.CareerOpportunities_scenarios@8519cb4]" started-at="2024-01-16T18:18:05 IST" name="reference" finished-at="2024-01-16T18:18:05 IST" duration-ms="1" status="PASS">
          <reporter-output>
          </reporter-output>
        </test-method> <!-- reference -->
      </class> <!-- com.test.user.CareerOpportunities_scenarios -->
      <class name="com.test.user.Career_Opportunities_GFAH_ESP_scenarios">
        <test-method is-config="true" signature="reference()[pri:0, instance:com.test.user.Career_Opportunities_GFAH_ESP_scenarios@70ed52de]" started-at="2024-01-16T18:18:07 IST" name="reference" finished-at="2024-01-16T18:18:07 IST" duration-ms="18" status="PASS">
          <reporter-output>
          </reporter-output>
        </test-method> <!-- reference -->
      </class> <!-- com.test.user.Career_Opportunities_GFAH_ESP_scenarios -->
      <class name="com.test.user.ClubStudio_scenarios">
        <test-method is-config="true" signature="reference()[pri:0, instance:com.test.user.ClubStudio_scenarios@72035809]" started-at="2024-01-16T18:18:05 IST" name="reference" finished-at="2024-01-16T18:18:06 IST" duration-ms="754" status="PASS">
          <reporter-output>
          </reporter-output>
        </test-method> <!-- reference -->
      </class> <!-- com.test.user.ClubStudio_scenarios -->
      <class name="com.test.user.Joinnow_CST_Scenarios">
        <test-method is-config="true" signature="reference()[pri:0, instance:com.test.user.Joinnow_CST_Scenarios@8458f04]" started-at="2024-01-16T18:18:06 IST" name="reference" finished-at="2024-01-16T18:18:06 IST" duration-ms="373" status="PASS">
          <reporter-output>
          </reporter-output>
        </test-method> <!-- reference -->
      </class> <!-- com.test.user.Joinnow_CST_Scenarios -->
      <class name="com.test.user.Career_Opportunities_ESP_scenarios">
        <test-method is-config="true" signature="reference()[pri:0, instance:com.test.user.Career_Opportunities_ESP_scenarios@221a3fa4]" started-at="2024-01-16T18:18:07 IST" name="reference" finished-at="2024-01-16T18:18:07 IST" duration-ms="135" status="PASS">
          <reporter-output>
          </reporter-output>
        </test-method> <!-- reference -->
      </class> <!-- com.test.user.Career_Opportunities_ESP_scenarios -->
      <class name="com.test.user.ClubStudio_scenarios_3">
        <test-method is-config="true" signature="reference()[pri:0, instance:com.test.user.ClubStudio_scenarios_3@231f98ef]" started-at="2024-01-16T18:18:07 IST" name="reference" finished-at="2024-01-16T18:18:07 IST" duration-ms="1" status="PASS">
          <reporter-output>
          </reporter-output>
        </test-method> <!-- reference -->
      </class> <!-- com.test.user.ClubStudio_scenarios_3 -->
      <class name="com.test.user.All_scenarios">
        <test-method is-config="true" signature="reference()[pri:0, instance:com.test.user.All_scenarios@6e9175d8]" started-at="2024-01-16T18:18:03 IST" name="reference" finished-at="2024-01-16T18:18:05 IST" duration-ms="1490" status="PASS">
          <reporter-output>
          </reporter-output>
        </test-method> <!-- reference -->
      </class> <!-- com.test.user.All_scenarios -->
      <class name="com.test.user.Responsive_scenarios">
        <test-method is-config="true" signature="reference()[pri:0, instance:com.test.user.Responsive_scenarios@15043a2f]" started-at="2024-01-16T18:18:05 IST" name="reference" finished-at="2024-01-16T18:18:05 IST" duration-ms="55" status="PASS">
          <reporter-output>
          </reporter-output>
        </test-method> <!-- reference -->
      </class> <!-- com.test.user.Responsive_scenarios -->
      <class name="com.test.user.ClubStudio_scenarios_1">
        <test-method is-config="true" signature="reference()[pri:0, instance:com.test.user.ClubStudio_scenarios_1@5b247367]" started-at="2024-01-16T18:18:06 IST" name="reference" finished-at="2024-01-16T18:18:07 IST" duration-ms="410" status="PASS">
          <reporter-output>
          </reporter-output>
        </test-method> <!-- reference -->
      </class> <!-- com.test.user.ClubStudio_scenarios_1 -->
      <class name="com.test.user.ClubStudio_scenarios_2">
        <test-method is-config="true" signature="reference()[pri:0, instance:com.test.user.ClubStudio_scenarios_2@6c284af]" started-at="2024-01-16T18:18:07 IST" name="reference" finished-at="2024-01-16T18:18:07 IST" duration-ms="0" status="PASS">
          <reporter-output>
          </reporter-output>
        </test-method> <!-- reference -->
      </class> <!-- com.test.user.ClubStudio_scenarios_2 -->
      <class name="com.test.user.Career_Opportunities_CSC_scenarios">
        <test-method is-config="true" signature="reference()[pri:0, instance:com.test.user.Career_Opportunities_CSC_scenarios@1caa0244]" started-at="2024-01-16T18:18:06 IST" name="reference" finished-at="2024-01-16T18:18:06 IST" duration-ms="206" status="PASS">
          <reporter-output>
          </reporter-output>
        </test-method> <!-- reference -->
      </class> <!-- com.test.user.Career_Opportunities_CSC_scenarios -->
    </test> <!-- Career_Opportunities_GFAH_ESP_scenarios -->
  </suite> <!-- Suite -->
</testng-results>
